
> sakhifi@0.1.0 build
> next build

   Γû▓ Next.js 14.1.3

   Creating an optimized production build ...
 Γ£ô Compiled successfully
   Linting and checking validity of types ...

./src/actions/waitlist.ts
36:5  Warning: Unexpected console statement.  no-console

./src/app/api/waitlist/route.ts
70:5  Warning: Unexpected console statement.  no-console

info  - Need to disable some ESLint rules? Learn more here: https://nextjs.org/docs/basic-features/eslint#disabling-rules
   Collecting page data ...
   Generating static pages (0/5) ...

   Generating static pages (1/5) 

   Generating static pages (2/5) 

   Generating static pages (3/5) 

 Γ£ô Generating static pages (5/5) 
   Finalizing page optimization ...
   Collecting build traces ...

Route (app)                              Size     First Load JS
Γöî Γùï /                                    84.6 kB         183 kB
Γö£ Γùï /_not-found                          0 B                0 B
Γöö ╬╗ /api/waitlist                        0 B                0 B
+ First Load JS shared by all            84.5 kB
  Γö£ chunks/69-38be338d3846c449.js        29 kB
  Γö£ chunks/fd9d1056-2b7d10d456182c39.js  53.4 kB
  Γöö other shared chunks (total)          2.09 kB


Γùï  (Static)   prerendered as static content
╬╗  (Dynamic)  server-rendered on demand using Node.js

